Determining if the pthread_create exist failed with the following output:
Change Dir: /mnt/d/Master_paper/2025_NN to SDT final code/libsnark_testing/test2/libsnark_demo/src/CMakeFiles/CMakeTmp

Run Build Command:"/usr/bin/make" "cmTC_f8dc6/fast"
/usr/bin/make -f CMakeFiles/cmTC_f8dc6.dir/build.make CMakeFiles/cmTC_f8dc6.dir/build
make[1]: Entering directory '/mnt/d/Master_paper/2025_NN to SDT final code/libsnark_testing/test2/libsnark_demo/src/CMakeFiles/CMakeTmp'
Building C object CMakeFiles/cmTC_f8dc6.dir/CheckSymbolExists.c.o
/usr/bin/cc    -o CMakeFiles/cmTC_f8dc6.dir/CheckSymbolExists.c.o   -c "/mnt/d/Master_paper/2025_NN to SDT final code/libsnark_testing/test2/libsnark_demo/src/CMakeFiles/CMakeTmp/CheckSymbolExists.c"
Linking C executable cmTC_f8dc6
/usr/bin/cmake -E cmake_link_script CMakeFiles/cmTC_f8dc6.dir/link.txt --verbose=1
/usr/bin/cc      -rdynamic CMakeFiles/cmTC_f8dc6.dir/CheckSymbolExists.c.o  -o cmTC_f8dc6 
CMakeFiles/cmTC_f8dc6.dir/CheckSymbolExists.c.o: In function `main':
CheckSymbolExists.c:(.text+0x1b): undefined reference to `pthread_create'
collect2: error: ld returned 1 exit status
CMakeFiles/cmTC_f8dc6.dir/build.make:97: recipe for target 'cmTC_f8dc6' failed
make[1]: *** [cmTC_f8dc6] Error 1
make[1]: Leaving directory '/mnt/d/Master_paper/2025_NN to SDT final code/libsnark_testing/test2/libsnark_demo/src/CMakeFiles/CMakeTmp'
Makefile:126: recipe for target 'cmTC_f8dc6/fast' failed
make: *** [cmTC_f8dc6/fast] Error 2

File /mnt/d/Master_paper/2025_NN to SDT final code/libsnark_testing/test2/libsnark_demo/src/CMakeFiles/CMakeTmp/CheckSymbolExists.c:
/* */
#include <pthread.h>

int main(int argc, char** argv)
{
  (void)argv;
#ifndef pthread_create
  return ((int*)(&pthread_create))[argc];
#else
  (void)argc;
  return 0;
#endif
}

