Determining if the pthread_create exist failed with the following output:
Change Dir: /mnt/d/Master_paper/20241015_ZK/psvCNN_libsnark+cpp/CNN-prediction-ZKP-scheme/libsnark_demo/build/CMakeFiles/CMakeTmp

Run Build Command:"/usr/bin/make" "cmTC_346c7/fast"
/usr/bin/make -f CMakeFiles/cmTC_346c7.dir/build.make CMakeFiles/cmTC_346c7.dir/build
make[1]: Entering directory '/mnt/d/Master_paper/20241015_ZK/psvCNN_libsnark+cpp/CNN-prediction-ZKP-scheme/libsnark_demo/build/CMakeFiles/CMakeTmp'
Building C object CMakeFiles/cmTC_346c7.dir/CheckSymbolExists.c.o
/usr/bin/cc    -o CMakeFiles/cmTC_346c7.dir/CheckSymbolExists.c.o   -c /mnt/d/Master_paper/20241015_ZK/psvCNN_libsnark+cpp/CNN-prediction-ZKP-scheme/libsnark_demo/build/CMakeFiles/CMakeTmp/CheckSymbolExists.c
Linking C executable cmTC_346c7
/usr/bin/cmake -E cmake_link_script CMakeFiles/cmTC_346c7.dir/link.txt --verbose=1
/usr/bin/cc      -rdynamic CMakeFiles/cmTC_346c7.dir/CheckSymbolExists.c.o  -o cmTC_346c7 
CMakeFiles/cmTC_346c7.dir/CheckSymbolExists.c.o: In function `main':
CheckSymbolExists.c:(.text+0x1b): undefined reference to `pthread_create'
collect2: error: ld returned 1 exit status
CMakeFiles/cmTC_346c7.dir/build.make:97: recipe for target 'cmTC_346c7' failed
make[1]: *** [cmTC_346c7] Error 1
make[1]: Leaving directory '/mnt/d/Master_paper/20241015_ZK/psvCNN_libsnark+cpp/CNN-prediction-ZKP-scheme/libsnark_demo/build/CMakeFiles/CMakeTmp'
Makefile:126: recipe for target 'cmTC_346c7/fast' failed
make: *** [cmTC_346c7/fast] Error 2

File /mnt/d/Master_paper/20241015_ZK/psvCNN_libsnark+cpp/CNN-prediction-ZKP-scheme/libsnark_demo/build/CMakeFiles/CMakeTmp/CheckSymbolExists.c:
/* */
#include <pthread.h>

int main(int argc, char** argv)
{
  (void)argv;
#ifndef pthread_create
  return ((int*)(&pthread_create))[argc];
#else
  (void)argc;
  return 0;
#endif
}

Determining if the pthread_create exist failed with the following output:
Change Dir: /mnt/d/Master_paper/2025_NN to SDT final code/libsnark_testing/test2/libsnark_demo/build/CMakeFiles/CMakeTmp

Run Build Command:"/usr/bin/make" "cmTC_7e787/fast"
/usr/bin/make -f CMakeFiles/cmTC_7e787.dir/build.make CMakeFiles/cmTC_7e787.dir/build
make[1]: Entering directory '/mnt/d/Master_paper/2025_NN to SDT final code/libsnark_testing/test2/libsnark_demo/build/CMakeFiles/CMakeTmp'
Building C object CMakeFiles/cmTC_7e787.dir/CheckSymbolExists.c.o
/usr/bin/cc    -o CMakeFiles/cmTC_7e787.dir/CheckSymbolExists.c.o   -c "/mnt/d/Master_paper/2025_NN to SDT final code/libsnark_testing/test2/libsnark_demo/build/CMakeFiles/CMakeTmp/CheckSymbolExists.c"
Linking C executable cmTC_7e787
/usr/bin/cmake -E cmake_link_script CMakeFiles/cmTC_7e787.dir/link.txt --verbose=1
/usr/bin/cc      -rdynamic CMakeFiles/cmTC_7e787.dir/CheckSymbolExists.c.o  -o cmTC_7e787 
CMakeFiles/cmTC_7e787.dir/CheckSymbolExists.c.o: In function `main':
CheckSymbolExists.c:(.text+0x1b): undefined reference to `pthread_create'
collect2: error: ld returned 1 exit status
CMakeFiles/cmTC_7e787.dir/build.make:97: recipe for target 'cmTC_7e787' failed
make[1]: *** [cmTC_7e787] Error 1
make[1]: Leaving directory '/mnt/d/Master_paper/2025_NN to SDT final code/libsnark_testing/test2/libsnark_demo/build/CMakeFiles/CMakeTmp'
Makefile:126: recipe for target 'cmTC_7e787/fast' failed
make: *** [cmTC_7e787/fast] Error 2

File /mnt/d/Master_paper/2025_NN to SDT final code/libsnark_testing/test2/libsnark_demo/build/CMakeFiles/CMakeTmp/CheckSymbolExists.c:
/* */
#include <pthread.h>

int main(int argc, char** argv)
{
  (void)argv;
#ifndef pthread_create
  return ((int*)(&pthread_create))[argc];
#else
  (void)argc;
  return 0;
#endif
}

Determining if the pthread_create exist failed with the following output:
Change Dir: /mnt/d/Master_paper/2025_NN to SDT final code/upload/4_libsnark/build/CMakeFiles/CMakeTmp

Run Build Command:"/usr/bin/make" "cmTC_068d8/fast"
/usr/bin/make -f CMakeFiles/cmTC_068d8.dir/build.make CMakeFiles/cmTC_068d8.dir/build
make[1]: Entering directory '/mnt/d/Master_paper/2025_NN to SDT final code/upload/4_libsnark/build/CMakeFiles/CMakeTmp'
Building C object CMakeFiles/cmTC_068d8.dir/CheckSymbolExists.c.o
/usr/bin/cc    -o CMakeFiles/cmTC_068d8.dir/CheckSymbolExists.c.o   -c "/mnt/d/Master_paper/2025_NN to SDT final code/upload/4_libsnark/build/CMakeFiles/CMakeTmp/CheckSymbolExists.c"
Linking C executable cmTC_068d8
/usr/bin/cmake -E cmake_link_script CMakeFiles/cmTC_068d8.dir/link.txt --verbose=1
/usr/bin/cc      -rdynamic CMakeFiles/cmTC_068d8.dir/CheckSymbolExists.c.o  -o cmTC_068d8 
CMakeFiles/cmTC_068d8.dir/CheckSymbolExists.c.o: In function `main':
CheckSymbolExists.c:(.text+0x1b): undefined reference to `pthread_create'
collect2: error: ld returned 1 exit status
CMakeFiles/cmTC_068d8.dir/build.make:97: recipe for target 'cmTC_068d8' failed
make[1]: *** [cmTC_068d8] Error 1
make[1]: Leaving directory '/mnt/d/Master_paper/2025_NN to SDT final code/upload/4_libsnark/build/CMakeFiles/CMakeTmp'
Makefile:126: recipe for target 'cmTC_068d8/fast' failed
make: *** [cmTC_068d8/fast] Error 2

File /mnt/d/Master_paper/2025_NN to SDT final code/upload/4_libsnark/build/CMakeFiles/CMakeTmp/CheckSymbolExists.c:
/* */
#include <pthread.h>

int main(int argc, char** argv)
{
  (void)argv;
#ifndef pthread_create
  return ((int*)(&pthread_create))[argc];
#else
  (void)argc;
  return 0;
#endif
}

